<?xml version="1.0" encoding="UTF-8" standalone="yes"?><!DOCTYPE report PUBLIC "-//JACOCO//DTD Report 1.0//EN" "report.dtd"><report name="JSplitButton"><sessioninfo id="travis-job-rhwood-jsplitbutton-328461512.travisci.net-21fa748d" start="1515852936431" dump="1515852938010"/><package name="com/alexandriasoftware/swing"><class name="com/alexandriasoftware/swing/JSplitButton"><method name="&lt;init&gt;" desc="(Ljava/lang/String;Ljavax/swing/Icon;)V" line="66"><counter type="INSTRUCTION" missed="0" covered="46"/><counter type="LINE" missed="0" covered="13"/><counter type="COMPLEXITY" missed="0" covered="1"/><counter type="METHOD" missed="0" covered="1"/></method><method name="&lt;init&gt;" desc="(Ljava/lang/String;)V" line="99"><counter type="INSTRUCTION" missed="0" covered="5"/><counter type="LINE" missed="0" covered="2"/><counter type="COMPLEXITY" missed="0" covered="1"/><counter type="METHOD" missed="0" covered="1"/></method><method name="&lt;init&gt;" desc="(Ljavax/swing/Icon;)V" line="108"><counter type="INSTRUCTION" missed="0" covered="5"/><counter type="LINE" missed="0" covered="2"/><counter type="COMPLEXITY" missed="0" covered="1"/><counter type="METHOD" missed="0" covered="1"/></method><method name="&lt;init&gt;" desc="()V" line="115"><counter type="INSTRUCTION" missed="0" covered="5"/><counter type="LINE" missed="0" covered="2"/><counter type="COMPLEXITY" missed="0" covered="1"/><counter type="METHOD" missed="0" covered="1"/></method><method name="getPopupMenu" desc="()Ljavax/swing/JPopupMenu;" line="124"><counter type="INSTRUCTION" missed="0" covered="3"/><counter type="LINE" missed="0" covered="1"/><counter type="COMPLEXITY" missed="0" covered="1"/><counter type="METHOD" missed="0" covered="1"/></method><method name="setPopupMenu" desc="(Ljavax/swing/JPopupMenu;)V" line="134"><counter type="INSTRUCTION" missed="0" covered="7"/><counter type="LINE" missed="0" covered="3"/><counter type="COMPLEXITY" missed="0" covered="1"/><counter type="METHOD" missed="0" covered="1"/></method><method name="getSeparatorSpacing" desc="()I" line="146"><counter type="INSTRUCTION" missed="0" covered="3"/><counter type="LINE" missed="0" covered="1"/><counter type="COMPLEXITY" missed="0" covered="1"/><counter type="METHOD" missed="0" covered="1"/></method><method name="setSeparatorSpacing" desc="(I)V" line="157"><counter type="INSTRUCTION" missed="0" covered="4"/><counter type="LINE" missed="0" covered="2"/><counter type="COMPLEXITY" missed="0" covered="1"/><counter type="METHOD" missed="0" covered="1"/></method><method name="isAlwaysPopup" desc="()Z" line="166"><counter type="INSTRUCTION" missed="0" covered="3"/><counter type="LINE" missed="0" covered="1"/><counter type="COMPLEXITY" missed="0" covered="1"/><counter type="METHOD" missed="0" covered="1"/></method><method name="setAlwaysPopup" desc="(Z)V" line="176"><counter type="INSTRUCTION" missed="0" covered="4"/><counter type="LINE" missed="0" covered="2"/><counter type="COMPLEXITY" missed="0" covered="1"/><counter type="METHOD" missed="0" covered="1"/></method><method name="isAlwaysDropDown" desc="()Z" line="187"><counter type="INSTRUCTION" missed="0" covered="3"/><counter type="LINE" missed="0" covered="1"/><counter type="COMPLEXITY" missed="0" covered="1"/><counter type="METHOD" missed="0" covered="1"/></method><method name="setAlwaysDropDown" desc="(Z)V" line="199"><counter type="INSTRUCTION" missed="0" covered="4"/><counter type="LINE" missed="0" covered="2"/><counter type="COMPLEXITY" missed="0" covered="1"/><counter type="METHOD" missed="0" covered="1"/></method><method name="getArrowColor" desc="()Ljava/awt/Color;" line="208"><counter type="INSTRUCTION" missed="0" covered="3"/><counter type="LINE" missed="0" covered="1"/><counter type="COMPLEXITY" missed="0" covered="1"/><counter type="METHOD" missed="0" covered="1"/></method><method name="setArrowColor" desc="(Ljava/awt/Color;)V" line="217"><counter type="INSTRUCTION" missed="0" covered="7"/><counter type="LINE" missed="0" covered="3"/><counter type="COMPLEXITY" missed="0" covered="1"/><counter type="METHOD" missed="0" covered="1"/></method><method name="getDisabledArrowColor" desc="()Ljava/awt/Color;" line="227"><counter type="INSTRUCTION" missed="0" covered="3"/><counter type="LINE" missed="0" covered="1"/><counter type="COMPLEXITY" missed="0" covered="1"/><counter type="METHOD" missed="0" covered="1"/></method><method name="setDisabledArrowColor" desc="(Ljava/awt/Color;)V" line="237"><counter type="INSTRUCTION" missed="0" covered="7"/><counter type="LINE" missed="0" covered="3"/><counter type="COMPLEXITY" missed="0" covered="1"/><counter type="METHOD" missed="0" covered="1"/></method><method name="getSplitWidth" desc="()I" line="247"><counter type="INSTRUCTION" missed="0" covered="3"/><counter type="LINE" missed="0" covered="1"/><counter type="COMPLEXITY" missed="0" covered="1"/><counter type="METHOD" missed="0" covered="1"/></method><method name="setSplitWidth" desc="(I)V" line="256"><counter type="INSTRUCTION" missed="0" covered="4"/><counter type="LINE" missed="0" covered="2"/><counter type="COMPLEXITY" missed="0" covered="1"/><counter type="METHOD" missed="0" covered="1"/></method><method name="getArrowSize" desc="()I" line="265"><counter type="INSTRUCTION" missed="0" covered="3"/><counter type="LINE" missed="0" covered="1"/><counter type="COMPLEXITY" missed="0" covered="1"/><counter type="METHOD" missed="0" covered="1"/></method><method name="setArrowSize" desc="(I)V" line="274"><counter type="INSTRUCTION" missed="0" covered="7"/><counter type="LINE" missed="0" covered="3"/><counter type="COMPLEXITY" missed="0" covered="1"/><counter type="METHOD" missed="0" covered="1"/></method><method name="getImage" desc="()Ljava/awt/Image;" line="285"><counter type="INSTRUCTION" missed="0" covered="23"/><counter type="BRANCH" missed="0" covered="4"/><counter type="LINE" missed="0" covered="6"/><counter type="COMPLEXITY" missed="0" covered="3"/><counter type="METHOD" missed="0" covered="1"/></method><method name="setImage" desc="(Ljava/awt/Image;)V" line="301"><counter type="INSTRUCTION" missed="0" covered="4"/><counter type="LINE" missed="0" covered="2"/><counter type="COMPLEXITY" missed="0" covered="1"/><counter type="METHOD" missed="0" covered="1"/></method><method name="getDisabledImage" desc="()Ljava/awt/Image;" line="311"><counter type="INSTRUCTION" missed="0" covered="17"/><counter type="BRANCH" missed="0" covered="2"/><counter type="LINE" missed="0" covered="4"/><counter type="COMPLEXITY" missed="0" covered="2"/><counter type="METHOD" missed="0" covered="1"/></method><method name="getImage" desc="(ILjava/awt/Color;)Ljava/awt/Image;" line="327"><counter type="INSTRUCTION" missed="0" covered="122"/><counter type="BRANCH" missed="0" covered="6"/><counter type="LINE" missed="0" covered="18"/><counter type="COMPLEXITY" missed="0" covered="4"/><counter type="METHOD" missed="0" covered="1"/></method><method name="setDisabledImage" desc="(Ljava/awt/Image;)V" line="359"><counter type="INSTRUCTION" missed="0" covered="4"/><counter type="LINE" missed="0" covered="2"/><counter type="COMPLEXITY" missed="0" covered="1"/><counter type="METHOD" missed="0" covered="1"/></method><method name="paintComponent" desc="(Ljava/awt/Graphics;)V" line="364"><counter type="INSTRUCTION" missed="2" covered="126"/><counter type="BRANCH" missed="4" covered="4"/><counter type="LINE" missed="0" covered="15"/><counter type="COMPLEXITY" missed="4" covered="1"/><counter type="METHOD" missed="0" covered="1"/></method><method name="rotate" desc="(Ljava/awt/image/BufferedImage;I)Ljava/awt/image/BufferedImage;" line="389"><counter type="INSTRUCTION" missed="0" covered="38"/><counter type="LINE" missed="0" covered="7"/><counter type="COMPLEXITY" missed="0" covered="1"/><counter type="METHOD" missed="0" covered="1"/></method><method name="addSplitButtonActionListener" desc="(Lcom/alexandriasoftware/swing/action/SplitButtonActionListener;)V" line="409"><counter type="INSTRUCTION" missed="0" covered="6"/><counter type="LINE" missed="0" covered="2"/><counter type="COMPLEXITY" missed="0" covered="1"/><counter type="METHOD" missed="0" covered="1"/></method><method name="removeSplitButtonActionListener" desc="(Lcom/alexandriasoftware/swing/action/SplitButtonActionListener;)V" line="426"><counter type="INSTRUCTION" missed="0" covered="17"/><counter type="BRANCH" missed="1" covered="3"/><counter type="LINE" missed="0" covered="4"/><counter type="COMPLEXITY" missed="1" covered="2"/><counter type="METHOD" missed="0" covered="1"/></method><method name="addButtonClickedActionListener" desc="(Lcom/alexandriasoftware/swing/action/ButtonClickedActionListener;)V" line="440"><counter type="INSTRUCTION" missed="0" covered="6"/><counter type="LINE" missed="0" covered="2"/><counter type="COMPLEXITY" missed="0" covered="1"/><counter type="METHOD" missed="0" covered="1"/></method><method name="removeButtonClickedActionListener" desc="(Lcom/alexandriasoftware/swing/action/ButtonClickedActionListener;)V" line="449"><counter type="INSTRUCTION" missed="0" covered="6"/><counter type="LINE" missed="0" covered="2"/><counter type="COMPLEXITY" missed="0" covered="1"/><counter type="METHOD" missed="0" covered="1"/></method><method name="addSplitButtonClickedActionListener" desc="(Lcom/alexandriasoftware/swing/action/SplitButtonClickedActionListener;)V" line="459"><counter type="INSTRUCTION" missed="0" covered="6"/><counter type="LINE" missed="0" covered="2"/><counter type="COMPLEXITY" missed="0" covered="1"/><counter type="METHOD" missed="0" covered="1"/></method><method name="removeSplitButtonClickedActionListener" desc="(Lcom/alexandriasoftware/swing/action/SplitButtonClickedActionListener;)V" line="468"><counter type="INSTRUCTION" missed="0" covered="6"/><counter type="LINE" missed="0" covered="2"/><counter type="COMPLEXITY" missed="0" covered="1"/><counter type="METHOD" missed="0" covered="1"/></method><method name="fireButtonClicked" desc="(Ljava/awt/event/ActionEvent;)V" line="481"><counter type="INSTRUCTION" missed="0" covered="10"/><counter type="LINE" missed="0" covered="2"/><counter type="COMPLEXITY" missed="0" covered="1"/><counter type="METHOD" missed="0" covered="1"/></method><method name="fireSplitButtonClicked" desc="(Ljava/awt/event/ActionEvent;)V" line="494"><counter type="INSTRUCTION" missed="0" covered="10"/><counter type="LINE" missed="0" covered="2"/><counter type="COMPLEXITY" missed="0" covered="1"/><counter type="METHOD" missed="0" covered="1"/></method><method name="fireActionEvent" desc="(Ljava/awt/event/ActionEvent;Z[Ljava/awt/event/ActionListener;)V" line="509"><counter type="INSTRUCTION" missed="0" covered="74"/><counter type="BRANCH" missed="0" covered="16"/><counter type="LINE" missed="0" covered="17"/><counter type="COMPLEXITY" missed="0" covered="9"/><counter type="METHOD" missed="0" covered="1"/></method><method name="getListener" desc="()Lcom/alexandriasoftware/swing/JSplitButton$Listener;" line="542"><counter type="INSTRUCTION" missed="0" covered="3"/><counter type="LINE" missed="0" covered="1"/><counter type="COMPLEXITY" missed="0" covered="1"/><counter type="METHOD" missed="0" covered="1"/></method><counter type="INSTRUCTION" missed="2" covered="607"/><counter type="BRANCH" missed="5" covered="35"/><counter type="LINE" missed="0" covered="137"/><counter type="COMPLEXITY" missed="5" covered="52"/><counter type="METHOD" missed="0" covered="37"/><counter type="CLASS" missed="0" covered="1"/></class><class name="com/alexandriasoftware/swing/JSplitButton$Listener"><method name="&lt;init&gt;" desc="(Lcom/alexandriasoftware/swing/JSplitButton;)V" line="550"><counter type="INSTRUCTION" missed="0" covered="6"/><counter type="LINE" missed="0" covered="1"/><counter type="COMPLEXITY" missed="0" covered="1"/><counter type="METHOD" missed="0" covered="1"/></method><method name="actionPerformed" desc="(Ljava/awt/event/ActionEvent;)V" line="554"><counter type="INSTRUCTION" missed="0" covered="70"/><counter type="BRANCH" missed="0" covered="6"/><counter type="LINE" missed="0" covered="10"/><counter type="COMPLEXITY" missed="0" covered="4"/><counter type="METHOD" missed="0" covered="1"/></method><method name="mouseExited" desc="(Ljava/awt/event/MouseEvent;)V" line="569"><counter type="INSTRUCTION" missed="0" covered="12"/><counter type="LINE" missed="0" covered="3"/><counter type="COMPLEXITY" missed="0" covered="1"/><counter type="METHOD" missed="0" covered="1"/></method><method name="mouseMoved" desc="(Ljava/awt/event/MouseEvent;)V" line="575"><counter type="INSTRUCTION" missed="0" covered="17"/><counter type="LINE" missed="0" covered="3"/><counter type="COMPLEXITY" missed="0" covered="1"/><counter type="METHOD" missed="0" covered="1"/></method><method name="mouseDragged" desc="(Ljava/awt/event/MouseEvent;)V" line="584"><counter type="INSTRUCTION" missed="0" covered="1"/><counter type="LINE" missed="0" covered="1"/><counter type="COMPLEXITY" missed="0" covered="1"/><counter type="METHOD" missed="0" covered="1"/></method><method name="mouseClicked" desc="(Ljava/awt/event/MouseEvent;)V" line="589"><counter type="INSTRUCTION" missed="0" covered="1"/><counter type="LINE" missed="0" covered="1"/><counter type="COMPLEXITY" missed="0" covered="1"/><counter type="METHOD" missed="0" covered="1"/></method><method name="mousePressed" desc="(Ljava/awt/event/MouseEvent;)V" line="594"><counter type="INSTRUCTION" missed="0" covered="1"/><counter type="LINE" missed="0" covered="1"/><counter type="COMPLEXITY" missed="0" covered="1"/><counter type="METHOD" missed="0" covered="1"/></method><method name="mouseReleased" desc="(Ljava/awt/event/MouseEvent;)V" line="599"><counter type="INSTRUCTION" missed="0" covered="1"/><counter type="LINE" missed="0" covered="1"/><counter type="COMPLEXITY" missed="0" covered="1"/><counter type="METHOD" missed="0" covered="1"/></method><method name="mouseEntered" desc="(Ljava/awt/event/MouseEvent;)V" line="604"><counter type="INSTRUCTION" missed="0" covered="1"/><counter type="LINE" missed="0" covered="1"/><counter type="COMPLEXITY" missed="0" covered="1"/><counter type="METHOD" missed="0" covered="1"/></method><counter type="INSTRUCTION" missed="0" covered="110"/><counter type="BRANCH" missed="0" covered="6"/><counter type="LINE" missed="0" covered="22"/><counter type="COMPLEXITY" missed="0" covered="12"/><counter type="METHOD" missed="0" covered="9"/><counter type="CLASS" missed="0" covered="1"/></class><sourcefile name="JSplitButton.java"><line nr="66" mi="0" ci="3" mb="0" cb="0"/><line nr="67" mi="0" ci="3" mb="0" cb="0"/><line nr="68" mi="0" ci="3" mb="0" cb="0"/><line nr="69" mi="0" ci="3" mb="0" cb="0"/><line nr="70" mi="0" ci="5" mb="0" cb="0"/><line nr="73" mi="0" ci="3" mb="0" cb="0"/><line nr="74" mi="0" ci="3" mb="0" cb="0"/><line nr="86" mi="0" ci="4" mb="0" cb="0"/><line nr="87" mi="0" ci="6" mb="0" cb="0"/><line nr="88" mi="0" ci="4" mb="0" cb="0"/><line nr="89" mi="0" ci="4" mb="0" cb="0"/><line nr="90" mi="0" ci="4" mb="0" cb="0"/><line nr="91" mi="0" ci="1" mb="0" cb="0"/><line nr="99" mi="0" ci="4" mb="0" cb="0"/><line nr="100" mi="0" ci="1" mb="0" cb="0"/><line nr="108" mi="0" ci="4" mb="0" cb="0"/><line nr="109" mi="0" ci="1" mb="0" cb="0"/><line nr="115" mi="0" ci="4" mb="0" cb="0"/><line nr="116" mi="0" ci="1" mb="0" cb="0"/><line nr="124" mi="0" ci="3" mb="0" cb="0"/><line nr="134" mi="0" ci="3" mb="0" cb="0"/><line nr="135" mi="0" ci="3" mb="0" cb="0"/><line nr="136" mi="0" ci="1" mb="0" cb="0"/><line nr="146" mi="0" ci="3" mb="0" cb="0"/><line nr="157" mi="0" ci="3" mb="0" cb="0"/><line nr="158" mi="0" ci="1" mb="0" cb="0"/><line nr="166" mi="0" ci="3" mb="0" cb="0"/><line nr="176" mi="0" ci="3" mb="0" cb="0"/><line nr="177" mi="0" ci="1" mb="0" cb="0"/><line nr="187" mi="0" ci="3" mb="0" cb="0"/><line nr="199" mi="0" ci="3" mb="0" cb="0"/><line nr="200" mi="0" ci="1" mb="0" cb="0"/><line nr="208" mi="0" ci="3" mb="0" cb="0"/><line nr="217" mi="0" ci="3" mb="0" cb="0"/><line nr="218" mi="0" ci="3" mb="0" cb="0"/><line nr="219" mi="0" ci="1" mb="0" cb="0"/><line nr="227" mi="0" ci="3" mb="0" cb="0"/><line nr="237" mi="0" ci="3" mb="0" cb="0"/><line nr="238" mi="0" ci="3" mb="0" cb="0"/><line nr="239" mi="0" ci="1" mb="0" cb="0"/><line nr="247" mi="0" ci="3" mb="0" cb="0"/><line nr="256" mi="0" ci="3" mb="0" cb="0"/><line nr="257" mi="0" ci="1" mb="0" cb="0"/><line nr="265" mi="0" ci="3" mb="0" cb="0"/><line nr="274" mi="0" ci="3" mb="0" cb="0"/><line nr="275" mi="0" ci="3" mb="0" cb="0"/><line nr="276" mi="0" ci="1" mb="0" cb="0"/><line nr="285" mi="0" ci="3" mb="0" cb="2"/><line nr="286" mi="0" ci="3" mb="0" cb="0"/><line nr="287" mi="0" ci="3" mb="0" cb="2"/><line nr="288" mi="0" ci="3" mb="0" cb="0"/><line nr="290" mi="0" ci="8" mb="0" cb="0"/><line nr="291" mi="0" ci="3" mb="0" cb="0"/><line nr="301" mi="0" ci="3" mb="0" cb="0"/><line nr="302" mi="0" ci="1" mb="0" cb="0"/><line nr="311" mi="0" ci="3" mb="0" cb="2"/><line nr="312" mi="0" ci="3" mb="0" cb="0"/><line nr="314" mi="0" ci="8" mb="0" cb="0"/><line nr="315" mi="0" ci="3" mb="0" cb="0"/><line nr="327" mi="0" ci="7" mb="0" cb="0"/><line nr="328" mi="0" ci="3" mb="0" cb="0"/><line nr="329" mi="0" ci="3" mb="0" cb="0"/><line nr="330" mi="0" ci="8" mb="0" cb="0"/><line nr="331" mi="0" ci="3" mb="0" cb="0"/><line nr="333" mi="0" ci="35" mb="0" cb="0"/><line nr="334" mi="0" ci="2" mb="0" cb="0"/><line nr="336" mi="0" ci="5" mb="0" cb="0"/><line nr="337" mi="0" ci="9" mb="0" cb="0"/><line nr="338" mi="0" ci="3" mb="0" cb="0"/><line nr="339" mi="0" ci="3" mb="0" cb="0"/><line nr="340" mi="0" ci="6" mb="0" cb="0"/><line nr="341" mi="0" ci="2" mb="0" cb="0"/><line nr="342" mi="0" ci="8" mb="0" cb="2"/><line nr="343" mi="0" ci="8" mb="0" cb="2"/><line nr="344" mi="0" ci="7" mb="0" cb="2"/><line nr="345" mi="0" ci="5" mb="0" cb="0"/><line nr="350" mi="0" ci="5" mb="0" cb="0"/><line nr="359" mi="0" ci="3" mb="0" cb="0"/><line nr="360" mi="0" ci="1" mb="0" cb="0"/><line nr="364" mi="0" ci="3" mb="0" cb="0"/><line nr="365" mi="0" ci="3" mb="0" cb="0"/><line nr="366" mi="0" ci="15" mb="0" cb="0"/><line nr="367" mi="0" ci="8" mb="0" cb="0"/><line nr="368" mi="0" ci="5" mb="0" cb="0"/><line nr="369" mi="0" ci="5" mb="0" cb="0"/><line nr="370" mi="2" ci="24" mb="1" cb="1"/><line nr="371" mi="0" ci="9" mb="3" cb="3"/><line nr="372" mi="0" ci="5" mb="0" cb="0"/><line nr="373" mi="0" ci="15" mb="0" cb="0"/><line nr="374" mi="0" ci="5" mb="0" cb="0"/><line nr="375" mi="0" ci="15" mb="0" cb="0"/><line nr="377" mi="0" ci="3" mb="0" cb="0"/><line nr="378" mi="0" ci="10" mb="0" cb="0"/><line nr="379" mi="0" ci="1" mb="0" cb="0"/><line nr="389" mi="0" ci="3" mb="0" cb="0"/><line nr="390" mi="0" ci="3" mb="0" cb="0"/><line nr="391" mi="0" ci="8" mb="0" cb="0"/><line nr="392" mi="0" ci="3" mb="0" cb="0"/><line nr="393" mi="0" ci="13" mb="0" cb="0"/><line nr="394" mi="0" ci="6" mb="0" cb="0"/><line nr="395" mi="0" ci="2" mb="0" cb="0"/><line nr="409" mi="0" ci="5" mb="0" cb="0"/><line nr="410" mi="0" ci="1" mb="0" cb="0"/><line nr="426" mi="0" ci="7" mb="1" cb="3"/><line nr="427" mi="0" ci="4" mb="0" cb="0"/><line nr="429" mi="0" ci="5" mb="0" cb="0"/><line nr="431" mi="0" ci="1" mb="0" cb="0"/><line nr="440" mi="0" ci="5" mb="0" cb="0"/><line nr="441" mi="0" ci="1" mb="0" cb="0"/><line nr="449" mi="0" ci="5" mb="0" cb="0"/><line nr="450" mi="0" ci="1" mb="0" cb="0"/><line nr="459" mi="0" ci="5" mb="0" cb="0"/><line nr="460" mi="0" ci="1" mb="0" cb="0"/><line nr="468" mi="0" ci="5" mb="0" cb="0"/><line nr="469" mi="0" ci="1" mb="0" cb="0"/><line nr="481" mi="0" ci="9" mb="0" cb="0"/><line nr="482" mi="0" ci="1" mb="0" cb="0"/><line nr="494" mi="0" ci="9" mb="0" cb="0"/><line nr="495" mi="0" ci="1" mb="0" cb="0"/><line nr="509" mi="0" ci="6" mb="0" cb="0"/><line nr="510" mi="0" ci="6" mb="0" cb="4"/><line nr="511" mi="0" ci="3" mb="0" cb="0"/><line nr="512" mi="0" ci="2" mb="0" cb="2"/><line nr="513" mi="0" ci="3" mb="0" cb="0"/><line nr="515" mi="0" ci="6" mb="0" cb="0"/><line nr="518" mi="0" ci="2" mb="0" cb="0"/><line nr="519" mi="0" ci="3" mb="0" cb="0"/><line nr="521" mi="0" ci="3" mb="0" cb="2"/><line nr="522" mi="0" ci="9" mb="0" cb="2"/><line nr="523" mi="0" ci="2" mb="0" cb="2"/><line nr="524" mi="0" ci="6" mb="0" cb="0"/><line nr="526" mi="0" ci="5" mb="0" cb="0"/><line nr="530" mi="0" ci="3" mb="0" cb="2"/><line nr="531" mi="0" ci="9" mb="0" cb="2"/><line nr="532" mi="0" ci="5" mb="0" cb="0"/><line nr="536" mi="0" ci="1" mb="0" cb="0"/><line nr="542" mi="0" ci="3" mb="0" cb="0"/><line nr="550" mi="0" ci="6" mb="0" cb="0"/><line nr="554" mi="0" ci="4" mb="0" cb="2"/><line nr="555" mi="0" ci="5" mb="0" cb="0"/><line nr="556" mi="0" ci="4" mb="0" cb="2"/><line nr="557" mi="0" ci="19" mb="0" cb="0"/><line nr="558" mi="0" ci="5" mb="0" cb="0"/><line nr="559" mi="0" ci="4" mb="0" cb="2"/><line nr="560" mi="0" ci="19" mb="0" cb="0"/><line nr="561" mi="0" ci="5" mb="0" cb="0"/><line nr="563" mi="0" ci="4" mb="0" cb="0"/><line nr="565" mi="0" ci="1" mb="0" cb="0"/><line nr="569" mi="0" ci="5" mb="0" cb="0"/><line nr="570" mi="0" ci="6" mb="0" cb="0"/><line nr="571" mi="0" ci="1" mb="0" cb="0"/><line nr="575" mi="0" ci="10" mb="0" cb="0"/><line nr="576" mi="0" ci="6" mb="0" cb="0"/><line nr="577" mi="0" ci="1" mb="0" cb="0"/><line nr="584" mi="0" ci="1" mb="0" cb="0"/><line nr="589" mi="0" ci="1" mb="0" cb="0"/><line nr="594" mi="0" ci="1" mb="0" cb="0"/><line nr="599" mi="0" ci="1" mb="0" cb="0"/><line nr="604" mi="0" ci="1" mb="0" cb="0"/><counter type="INSTRUCTION" missed="2" covered="717"/><counter type="BRANCH" missed="5" covered="41"/><counter type="LINE" missed="0" covered="159"/><counter type="COMPLEXITY" missed="5" covered="64"/><counter type="METHOD" missed="0" covered="46"/><counter type="CLASS" missed="0" covered="2"/></sourcefile><counter type="INSTRUCTION" missed="2" covered="717"/><counter type="BRANCH" missed="5" covered="41"/><counter type="LINE" missed="0" covered="159"/><counter type="COMPLEXITY" missed="5" covered="64"/><counter type="METHOD" missed="0" covered="46"/><counter type="CLASS" missed="0" covered="2"/></package><counter type="INSTRUCTION" missed="2" covered="717"/><counter type="BRANCH" missed="5" covered="41"/><counter type="LINE" missed="0" covered="159"/><counter type="COMPLEXITY" missed="5" covered="64"/><counter type="METHOD" missed="0" covered="46"/><counter type="CLASS" missed="0" covered="2"/></report>